<?xml version="1.0" encoding="UTF-8"?>
<!-- Generated by org.testng.reporters.JUnitReportReporter -->
<testsuite hostname="DESKTOP-SHILPA" failures="0" tests="1" name="MavenA" time="7.161" errors="0" timestamp="2022-12-05T12:20:02 GMT-08:00" skipped="0">
  <testcase classname="MavenA" name="Testlogin" time="7.161"/>
  <system-out/>
</testsuite> <!-- MavenA -->
